<?xml version="1.0" encoding="UTF-8"?>
<!-- Generated by org.testng.reporters.JUnitXMLReporter -->
<testsuite ignored="0" hostname="DESKTOP-VKVMEGA" failures="0" tests="3" name="Test" time="0.109" errors="0" timestamp="2024-09-17T14:52:55 IST">
  <testcase classname="TestnG_16.Include_and_Exclude" name="carLoan" time="0.016"/>
  <testcase classname="TestnG_16.Include_and_Exclude" name="persanalLoan" time="0.015"/>
  <testcase classname="TestnG_16.Home_loan" name="H_Loan" time="0.002"/>
</testsuite> <!-- Test -->
